2019-05-09 08:52:08 com.alibaba.druid.pool.DruidDataSource.init(DruidDataSource.java:655) DruidDataSource.java INFO {dataSource-1} inited
2019-05-09 08:52:08 com.alibaba.druid.pool.DruidDataSource.close(DruidDataSource.java:1370) DruidDataSource.java INFO {dataSource-1} closed
2019-05-09 08:54:09 com.alibaba.druid.pool.DruidDataSource.init(DruidDataSource.java:655) DruidDataSource.java INFO {dataSource-1} inited
2019-05-09 08:54:10 com.alibaba.druid.pool.DruidDataSource.close(DruidDataSource.java:1370) DruidDataSource.java INFO {dataSource-1} closed
2019-05-09 08:56:19 com.alibaba.druid.pool.DruidDataSource.init(DruidDataSource.java:655) DruidDataSource.java INFO {dataSource-1} inited
2019-05-09 08:56:20 com.alibaba.druid.pool.DruidDataSource.close(DruidDataSource.java:1370) DruidDataSource.java INFO {dataSource-1} closed
2019-05-09 08:57:23 com.alibaba.druid.pool.DruidDataSource.init(DruidDataSource.java:655) DruidDataSource.java INFO {dataSource-1} inited
2019-05-09 08:57:23 com.alibaba.druid.pool.DruidDataSource.close(DruidDataSource.java:1370) DruidDataSource.java INFO {dataSource-1} closed
2019-05-10 16:13:45 com.alibaba.druid.pool.DruidDataSource.init(DruidDataSource.java:655) DruidDataSource.java INFO {dataSource-1} inited
2019-05-10 16:13:45 com.alibaba.druid.pool.DruidDataSource.close(DruidDataSource.java:1370) DruidDataSource.java INFO {dataSource-1} closed
2019-05-10 16:18:32 com.alibaba.druid.pool.DruidDataSource.init(DruidDataSource.java:655) DruidDataSource.java INFO {dataSource-1} inited
2019-05-10 16:18:32 com.alibaba.druid.pool.DruidDataSource.close(DruidDataSource.java:1370) DruidDataSource.java INFO {dataSource-1} closed
2019-05-10 16:23:48 com.alibaba.druid.pool.DruidDataSource.init(DruidDataSource.java:655) DruidDataSource.java INFO {dataSource-1} inited
2019-05-10 16:23:49 com.alibaba.druid.pool.DruidDataSource.close(DruidDataSource.java:1370) DruidDataSource.java INFO {dataSource-1} closed
2019-05-10 16:26:49 com.alibaba.druid.pool.DruidDataSource.init(DruidDataSource.java:655) DruidDataSource.java INFO {dataSource-1} inited
2019-05-10 16:26:49 com.alibaba.druid.pool.DruidDataSource.close(DruidDataSource.java:1370) DruidDataSource.java INFO {dataSource-1} closed
2019-05-10 16:28:47 com.alibaba.druid.pool.DruidDataSource.init(DruidDataSource.java:655) DruidDataSource.java INFO {dataSource-1} inited
2019-05-10 16:28:47 com.alibaba.druid.pool.DruidDataSource.close(DruidDataSource.java:1370) DruidDataSource.java INFO {dataSource-1} closed
2019-05-10 16:29:40 com.alibaba.druid.pool.DruidDataSource.init(DruidDataSource.java:655) DruidDataSource.java INFO {dataSource-1} inited
2019-05-10 16:29:40 com.alibaba.druid.pool.DruidDataSource.close(DruidDataSource.java:1370) DruidDataSource.java INFO {dataSource-1} closed
2019-05-10 16:34:14 com.alibaba.druid.pool.DruidDataSource.init(DruidDataSource.java:655) DruidDataSource.java INFO {dataSource-1} inited
2019-05-10 16:34:14 guo.utils.JdbcUtil.getConn(JdbcUtil.java:58) JdbcUtil.java DEBUG 开始执行
2019-05-10 16:34:14 guo.utils.JdbcUtil.getConn(JdbcUtil.java:60) JdbcUtil.java DEBUG 加载驱动成功
2019-05-10 16:34:14 guo.utils.JdbcUtil.getConn(JdbcUtil.java:62) JdbcUtil.java DEBUG 连接成功
2019-05-10 16:34:14 guo.utils.JdbcUtil.executeUpdate(JdbcUtil.java:80) JdbcUtil.java DEBUG 开始更新
2019-05-10 16:34:14 guo.utils.JdbcUtil.executeUpdate(JdbcUtil.java:85) JdbcUtil.java DEBUG 3
2019-05-10 16:34:14 guo.utils.JdbcUtil.executeUpdate(JdbcUtil.java:85) JdbcUtil.java DEBUG Thu Jan 01 08:00:02 CST 1970
2019-05-10 16:34:14 guo.utils.JdbcUtil.executeUpdate(JdbcUtil.java:94) JdbcUtil.java DEBUG 更新错误
2019-05-10 16:34:14 guo.utils.JdbcUtil.closeAll(JdbcUtil.java:338) JdbcUtil.java DEBUG 全部关闭成功
2019-05-10 16:34:14 com.alibaba.druid.pool.DruidDataSource.close(DruidDataSource.java:1370) DruidDataSource.java INFO {dataSource-1} closed
2019-05-10 16:36:46 com.alibaba.druid.pool.DruidDataSource.init(DruidDataSource.java:655) DruidDataSource.java INFO {dataSource-1} inited
2019-05-10 16:36:46 guo.utils.JdbcUtil.getConn(JdbcUtil.java:58) JdbcUtil.java DEBUG 开始执行
2019-05-10 16:36:46 guo.utils.JdbcUtil.getConn(JdbcUtil.java:60) JdbcUtil.java DEBUG 加载驱动成功
2019-05-10 16:36:46 guo.utils.JdbcUtil.getConn(JdbcUtil.java:62) JdbcUtil.java DEBUG 连接成功
2019-05-10 16:36:46 guo.utils.JdbcUtil.executeUpdate(JdbcUtil.java:80) JdbcUtil.java DEBUG 开始更新
2019-05-10 16:36:46 guo.utils.JdbcUtil.executeUpdate(JdbcUtil.java:85) JdbcUtil.java DEBUG 2
2019-05-10 16:36:46 guo.utils.JdbcUtil.executeUpdate(JdbcUtil.java:85) JdbcUtil.java DEBUG Thu Jan 01 08:00:02 CST 1970
2019-05-10 16:36:46 guo.utils.JdbcUtil.executeUpdate(JdbcUtil.java:94) JdbcUtil.java DEBUG 更新错误
2019-05-10 16:36:46 guo.utils.JdbcUtil.closeAll(JdbcUtil.java:338) JdbcUtil.java DEBUG 全部关闭成功
2019-05-10 16:36:46 com.alibaba.druid.pool.DruidDataSource.close(DruidDataSource.java:1370) DruidDataSource.java INFO {dataSource-1} closed
2019-05-10 16:38:37 com.alibaba.druid.pool.DruidDataSource.init(DruidDataSource.java:655) DruidDataSource.java INFO {dataSource-1} inited
2019-05-10 16:38:37 guo.utils.JdbcUtil.getConn(JdbcUtil.java:58) JdbcUtil.java DEBUG 开始执行
2019-05-10 16:38:37 guo.utils.JdbcUtil.getConn(JdbcUtil.java:60) JdbcUtil.java DEBUG 加载驱动成功
2019-05-10 16:38:37 guo.utils.JdbcUtil.getConn(JdbcUtil.java:62) JdbcUtil.java DEBUG 连接成功
2019-05-10 16:38:37 guo.utils.JdbcUtil.executeUpdate(JdbcUtil.java:80) JdbcUtil.java DEBUG 开始更新
2019-05-10 16:38:37 guo.utils.JdbcUtil.executeUpdate(JdbcUtil.java:85) JdbcUtil.java DEBUG Thu Jan 01 08:00:02 CST 1970
2019-05-10 16:38:37 guo.utils.JdbcUtil.executeUpdate(JdbcUtil.java:85) JdbcUtil.java DEBUG 0111
2019-05-10 16:38:37 guo.utils.JdbcUtil.executeUpdate(JdbcUtil.java:94) JdbcUtil.java DEBUG 更新错误
2019-05-10 16:38:37 guo.utils.JdbcUtil.closeAll(JdbcUtil.java:338) JdbcUtil.java DEBUG 全部关闭成功
2019-05-10 16:38:37 com.alibaba.druid.pool.DruidDataSource.close(DruidDataSource.java:1370) DruidDataSource.java INFO {dataSource-1} closed
2019-05-10 16:39:33 com.alibaba.druid.pool.DruidDataSource.init(DruidDataSource.java:655) DruidDataSource.java INFO {dataSource-1} inited
2019-05-10 16:39:34 guo.utils.JdbcUtil.getConn(JdbcUtil.java:58) JdbcUtil.java DEBUG 开始执行
2019-05-10 16:39:34 guo.utils.JdbcUtil.getConn(JdbcUtil.java:60) JdbcUtil.java DEBUG 加载驱动成功
2019-05-10 16:39:34 guo.utils.JdbcUtil.getConn(JdbcUtil.java:62) JdbcUtil.java DEBUG 连接成功
2019-05-10 16:39:34 guo.utils.JdbcUtil.executeUpdate(JdbcUtil.java:80) JdbcUtil.java DEBUG 开始更新
2019-05-10 16:39:34 guo.utils.JdbcUtil.executeUpdate(JdbcUtil.java:85) JdbcUtil.java DEBUG Thu Jan 01 08:00:02 CST 1970
2019-05-10 16:39:34 guo.utils.JdbcUtil.executeUpdate(JdbcUtil.java:85) JdbcUtil.java DEBUG 0111
2019-05-10 16:39:34 guo.utils.JdbcUtil.executeUpdate(JdbcUtil.java:94) JdbcUtil.java DEBUG 更新错误
2019-05-10 16:39:34 guo.utils.JdbcUtil.closeAll(JdbcUtil.java:338) JdbcUtil.java DEBUG 全部关闭成功
2019-05-10 16:39:34 com.alibaba.druid.pool.DruidDataSource.close(DruidDataSource.java:1370) DruidDataSource.java INFO {dataSource-1} closed
2019-05-10 16:41:08 com.alibaba.druid.pool.DruidDataSource.init(DruidDataSource.java:655) DruidDataSource.java INFO {dataSource-1} inited
2019-05-10 16:41:08 guo.utils.JdbcUtil.getConn(JdbcUtil.java:58) JdbcUtil.java DEBUG 开始执行
2019-05-10 16:41:08 guo.utils.JdbcUtil.getConn(JdbcUtil.java:60) JdbcUtil.java DEBUG 加载驱动成功
2019-05-10 16:41:08 guo.utils.JdbcUtil.getConn(JdbcUtil.java:62) JdbcUtil.java DEBUG 连接成功
2019-05-10 16:41:08 guo.utils.JdbcUtil.executeUpdate(JdbcUtil.java:80) JdbcUtil.java DEBUG 开始更新
2019-05-10 16:41:08 guo.utils.JdbcUtil.executeUpdate(JdbcUtil.java:85) JdbcUtil.java DEBUG 0111
2019-05-10 16:41:08 guo.utils.JdbcUtil.executeUpdate(JdbcUtil.java:94) JdbcUtil.java DEBUG 更新错误
2019-05-10 16:41:08 guo.utils.JdbcUtil.closeAll(JdbcUtil.java:338) JdbcUtil.java DEBUG 全部关闭成功
2019-05-10 16:41:08 com.alibaba.druid.pool.DruidDataSource.close(DruidDataSource.java:1370) DruidDataSource.java INFO {dataSource-1} closed
2019-05-10 16:41:37 com.alibaba.druid.pool.DruidDataSource.init(DruidDataSource.java:655) DruidDataSource.java INFO {dataSource-1} inited
2019-05-10 16:41:38 guo.utils.JdbcUtil.getConn(JdbcUtil.java:58) JdbcUtil.java DEBUG 开始执行
2019-05-10 16:41:38 guo.utils.JdbcUtil.getConn(JdbcUtil.java:60) JdbcUtil.java DEBUG 加载驱动成功
2019-05-10 16:41:38 guo.utils.JdbcUtil.getConn(JdbcUtil.java:62) JdbcUtil.java DEBUG 连接成功
2019-05-10 16:41:38 guo.utils.JdbcUtil.executeUpdate(JdbcUtil.java:80) JdbcUtil.java DEBUG 开始更新
2019-05-10 16:41:38 guo.utils.JdbcUtil.executeUpdate(JdbcUtil.java:85) JdbcUtil.java DEBUG 0111
2019-05-10 16:41:38 guo.utils.JdbcUtil.executeUpdate(JdbcUtil.java:94) JdbcUtil.java DEBUG 更新错误
2019-05-10 16:41:38 guo.utils.JdbcUtil.closeAll(JdbcUtil.java:338) JdbcUtil.java DEBUG 全部关闭成功
2019-05-10 16:41:38 com.alibaba.druid.pool.DruidDataSource.close(DruidDataSource.java:1370) DruidDataSource.java INFO {dataSource-1} closed
2019-05-10 16:47:12 com.alibaba.druid.pool.DruidDataSource.init(DruidDataSource.java:655) DruidDataSource.java INFO {dataSource-1} inited
2019-05-10 16:47:12 guo.utils.JdbcUtil.getConn(JdbcUtil.java:58) JdbcUtil.java DEBUG 开始执行
2019-05-10 16:47:12 guo.utils.JdbcUtil.getConn(JdbcUtil.java:60) JdbcUtil.java DEBUG 加载驱动成功
2019-05-10 16:47:12 guo.utils.JdbcUtil.getConn(JdbcUtil.java:62) JdbcUtil.java DEBUG 连接成功
2019-05-10 16:47:12 guo.utils.JdbcUtil.executeUpdate(JdbcUtil.java:80) JdbcUtil.java DEBUG 开始更新
2019-05-10 16:47:12 guo.utils.JdbcUtil.executeUpdate(JdbcUtil.java:85) JdbcUtil.java DEBUG 0111
2019-05-10 16:47:12 guo.utils.JdbcUtil.executeUpdate(JdbcUtil.java:92) JdbcUtil.java DEBUG 更新成功，1行受影响
2019-05-10 16:47:12 guo.utils.JdbcUtil.closeAll(JdbcUtil.java:338) JdbcUtil.java DEBUG 全部关闭成功
2019-05-10 16:47:12 com.alibaba.druid.pool.DruidDataSource.close(DruidDataSource.java:1370) DruidDataSource.java INFO {dataSource-1} closed
2019-05-10 16:48:31 com.alibaba.druid.pool.DruidDataSource.init(DruidDataSource.java:655) DruidDataSource.java INFO {dataSource-1} inited
2019-05-10 16:48:31 guo.utils.JdbcUtil.getConn(JdbcUtil.java:58) JdbcUtil.java DEBUG 开始执行
2019-05-10 16:48:31 guo.utils.JdbcUtil.getConn(JdbcUtil.java:60) JdbcUtil.java DEBUG 加载驱动成功
2019-05-10 16:48:31 guo.utils.JdbcUtil.getConn(JdbcUtil.java:62) JdbcUtil.java DEBUG 连接成功
2019-05-10 16:48:31 guo.utils.JdbcUtil.executeUpdate(JdbcUtil.java:80) JdbcUtil.java DEBUG 开始更新
2019-05-10 16:48:31 guo.utils.JdbcUtil.executeUpdate(JdbcUtil.java:85) JdbcUtil.java DEBUG Thu Jan 01 08:00:02 CST 1970
2019-05-10 16:48:31 guo.utils.JdbcUtil.executeUpdate(JdbcUtil.java:85) JdbcUtil.java DEBUG 0111
2019-05-10 16:48:31 guo.utils.JdbcUtil.executeUpdate(JdbcUtil.java:94) JdbcUtil.java DEBUG 更新错误
2019-05-10 16:48:31 guo.utils.JdbcUtil.closeAll(JdbcUtil.java:338) JdbcUtil.java DEBUG 全部关闭成功
2019-05-10 16:48:31 com.alibaba.druid.pool.DruidDataSource.close(DruidDataSource.java:1370) DruidDataSource.java INFO {dataSource-1} closed
2019-05-10 16:48:57 com.alibaba.druid.pool.DruidDataSource.init(DruidDataSource.java:655) DruidDataSource.java INFO {dataSource-1} inited
2019-05-10 16:48:57 guo.utils.JdbcUtil.getConn(JdbcUtil.java:58) JdbcUtil.java DEBUG 开始执行
2019-05-10 16:48:57 guo.utils.JdbcUtil.getConn(JdbcUtil.java:60) JdbcUtil.java DEBUG 加载驱动成功
2019-05-10 16:48:57 guo.utils.JdbcUtil.getConn(JdbcUtil.java:62) JdbcUtil.java DEBUG 连接成功
2019-05-10 16:48:57 guo.utils.JdbcUtil.executeUpdate(JdbcUtil.java:80) JdbcUtil.java DEBUG 开始更新
2019-05-10 16:48:57 guo.utils.JdbcUtil.executeUpdate(JdbcUtil.java:85) JdbcUtil.java DEBUG Fri May 10 16:48:57 CST 2019
2019-05-10 16:48:57 guo.utils.JdbcUtil.executeUpdate(JdbcUtil.java:85) JdbcUtil.java DEBUG 0111
2019-05-10 16:48:57 guo.utils.JdbcUtil.executeUpdate(JdbcUtil.java:94) JdbcUtil.java DEBUG 更新错误
2019-05-10 16:48:57 guo.utils.JdbcUtil.closeAll(JdbcUtil.java:338) JdbcUtil.java DEBUG 全部关闭成功
2019-05-10 16:48:57 com.alibaba.druid.pool.DruidDataSource.close(DruidDataSource.java:1370) DruidDataSource.java INFO {dataSource-1} closed
2019-05-10 16:49:17 com.alibaba.druid.pool.DruidDataSource.init(DruidDataSource.java:655) DruidDataSource.java INFO {dataSource-1} inited
2019-05-10 16:49:17 guo.utils.JdbcUtil.getConn(JdbcUtil.java:58) JdbcUtil.java DEBUG 开始执行
2019-05-10 16:49:17 guo.utils.JdbcUtil.getConn(JdbcUtil.java:60) JdbcUtil.java DEBUG 加载驱动成功
2019-05-10 16:49:17 guo.utils.JdbcUtil.getConn(JdbcUtil.java:62) JdbcUtil.java DEBUG 连接成功
2019-05-10 16:49:17 guo.utils.JdbcUtil.executeUpdate(JdbcUtil.java:80) JdbcUtil.java DEBUG 开始更新
2019-05-10 16:49:17 guo.utils.JdbcUtil.executeUpdate(JdbcUtil.java:85) JdbcUtil.java DEBUG Fri May 10 16:49:17 CST 2019
2019-05-10 16:49:17 guo.utils.JdbcUtil.executeUpdate(JdbcUtil.java:85) JdbcUtil.java DEBUG 0111
2019-05-10 16:49:17 guo.utils.JdbcUtil.executeUpdate(JdbcUtil.java:94) JdbcUtil.java DEBUG 更新错误
2019-05-10 16:49:17 guo.utils.JdbcUtil.closeAll(JdbcUtil.java:338) JdbcUtil.java DEBUG 全部关闭成功
2019-05-10 16:49:17 com.alibaba.druid.pool.DruidDataSource.close(DruidDataSource.java:1370) DruidDataSource.java INFO {dataSource-1} closed
2019-05-10 16:50:01 com.alibaba.druid.pool.DruidDataSource.init(DruidDataSource.java:655) DruidDataSource.java INFO {dataSource-1} inited
2019-05-10 16:50:01 guo.utils.JdbcUtil.getConn(JdbcUtil.java:58) JdbcUtil.java DEBUG 开始执行
2019-05-10 16:50:01 guo.utils.JdbcUtil.getConn(JdbcUtil.java:60) JdbcUtil.java DEBUG 加载驱动成功
2019-05-10 16:50:01 guo.utils.JdbcUtil.getConn(JdbcUtil.java:62) JdbcUtil.java DEBUG 连接成功
2019-05-10 16:50:01 guo.utils.JdbcUtil.executeUpdate(JdbcUtil.java:80) JdbcUtil.java DEBUG 开始更新
2019-05-10 16:50:01 guo.utils.JdbcUtil.executeUpdate(JdbcUtil.java:85) JdbcUtil.java DEBUG 119
2019-05-10 16:50:01 guo.utils.JdbcUtil.executeUpdate(JdbcUtil.java:85) JdbcUtil.java DEBUG 0111
2019-05-10 16:50:01 guo.utils.JdbcUtil.executeUpdate(JdbcUtil.java:94) JdbcUtil.java DEBUG 更新错误
2019-05-10 16:50:01 guo.utils.JdbcUtil.closeAll(JdbcUtil.java:338) JdbcUtil.java DEBUG 全部关闭成功
2019-05-10 16:50:01 com.alibaba.druid.pool.DruidDataSource.close(DruidDataSource.java:1370) DruidDataSource.java INFO {dataSource-1} closed
2019-05-13 08:08:44 com.alibaba.druid.pool.DruidDataSource.init(DruidDataSource.java:655) DruidDataSource.java INFO {dataSource-1} inited
2019-05-13 08:08:44 guo.utils.JdbcUtil.getConn(JdbcUtil.java:58) JdbcUtil.java DEBUG 开始执行
2019-05-13 08:08:44 guo.utils.JdbcUtil.getConn(JdbcUtil.java:60) JdbcUtil.java DEBUG 加载驱动成功
2019-05-13 08:08:44 guo.utils.JdbcUtil.getConn(JdbcUtil.java:62) JdbcUtil.java DEBUG 连接成功
2019-05-13 08:08:44 guo.utils.JdbcUtil.executeUpdate(JdbcUtil.java:80) JdbcUtil.java DEBUG 开始更新
2019-05-13 08:08:44 guo.utils.JdbcUtil.executeUpdate(JdbcUtil.java:85) JdbcUtil.java DEBUG Mon May 13 08:08:44 CST 2019
2019-05-13 08:08:44 guo.utils.JdbcUtil.executeUpdate(JdbcUtil.java:85) JdbcUtil.java DEBUG 0111
2019-05-13 08:08:44 guo.utils.JdbcUtil.executeUpdate(JdbcUtil.java:94) JdbcUtil.java DEBUG 更新错误
2019-05-13 08:08:44 guo.utils.JdbcUtil.closeAll(JdbcUtil.java:338) JdbcUtil.java DEBUG 全部关闭成功
2019-05-13 08:08:44 com.alibaba.druid.pool.DruidDataSource.close(DruidDataSource.java:1370) DruidDataSource.java INFO {dataSource-1} closed
2019-05-13 08:25:53 com.alibaba.druid.pool.DruidDataSource.init(DruidDataSource.java:655) DruidDataSource.java INFO {dataSource-1} inited
2019-05-13 08:25:54 guo.utils.JdbcUtil.getConn(JdbcUtil.java:58) JdbcUtil.java DEBUG 开始执行
2019-05-13 08:25:54 guo.utils.JdbcUtil.getConn(JdbcUtil.java:60) JdbcUtil.java DEBUG 加载驱动成功
2019-05-13 08:25:54 guo.utils.JdbcUtil.getConn(JdbcUtil.java:62) JdbcUtil.java DEBUG 连接成功
2019-05-13 08:25:54 guo.utils.JdbcUtil.executeUpdate(JdbcUtil.java:80) JdbcUtil.java DEBUG 开始更新
2019-05-13 08:25:54 guo.utils.JdbcUtil.executeUpdate(JdbcUtil.java:85) JdbcUtil.java DEBUG 1122
2019-05-13 08:25:54 guo.utils.JdbcUtil.executeUpdate(JdbcUtil.java:85) JdbcUtil.java DEBUG 0111
2019-05-13 08:25:54 guo.utils.JdbcUtil.executeUpdate(JdbcUtil.java:94) JdbcUtil.java DEBUG 更新错误
2019-05-13 08:25:54 guo.utils.JdbcUtil.closeAll(JdbcUtil.java:338) JdbcUtil.java DEBUG 全部关闭成功
2019-05-13 08:25:54 com.alibaba.druid.pool.DruidDataSource.close(DruidDataSource.java:1370) DruidDataSource.java INFO {dataSource-1} closed
2019-05-13 08:27:09 com.alibaba.druid.pool.DruidDataSource.init(DruidDataSource.java:655) DruidDataSource.java INFO {dataSource-1} inited
2019-05-13 08:27:09 guo.utils.JdbcUtil.getConn(JdbcUtil.java:58) JdbcUtil.java DEBUG 开始执行
2019-05-13 08:27:09 guo.utils.JdbcUtil.getConn(JdbcUtil.java:60) JdbcUtil.java DEBUG 加载驱动成功
2019-05-13 08:27:09 guo.utils.JdbcUtil.getConn(JdbcUtil.java:62) JdbcUtil.java DEBUG 连接成功
2019-05-13 08:27:09 guo.utils.JdbcUtil.executeUpdate(JdbcUtil.java:80) JdbcUtil.java DEBUG 开始更新
2019-05-13 08:27:09 guo.utils.JdbcUtil.executeUpdate(JdbcUtil.java:85) JdbcUtil.java DEBUG 1111
2019-05-13 08:27:09 guo.utils.JdbcUtil.executeUpdate(JdbcUtil.java:85) JdbcUtil.java DEBUG 0111
2019-05-13 08:27:09 guo.utils.JdbcUtil.executeUpdate(JdbcUtil.java:94) JdbcUtil.java DEBUG 更新错误
2019-05-13 08:27:09 guo.utils.JdbcUtil.closeAll(JdbcUtil.java:338) JdbcUtil.java DEBUG 全部关闭成功
2019-05-13 08:27:09 com.alibaba.druid.pool.DruidDataSource.close(DruidDataSource.java:1370) DruidDataSource.java INFO {dataSource-1} closed
2019-05-13 08:37:45 guo.utils.JdbcUtil.getConn(JdbcUtil.java:58) JdbcUtil.java DEBUG 开始执行
2019-05-13 08:37:45 guo.utils.JdbcUtil.getConn(JdbcUtil.java:60) JdbcUtil.java DEBUG 加载驱动成功
2019-05-13 08:37:45 guo.utils.JdbcUtil.getConn(JdbcUtil.java:62) JdbcUtil.java DEBUG 连接成功
2019-05-13 08:37:45 guo.utils.JdbcUtil.executeUpdate(JdbcUtil.java:80) JdbcUtil.java DEBUG 开始更新
2019-05-13 08:37:45 guo.utils.JdbcUtil.executeUpdate(JdbcUtil.java:85) JdbcUtil.java DEBUG 1111
2019-05-13 08:37:45 guo.utils.JdbcUtil.executeUpdate(JdbcUtil.java:85) JdbcUtil.java DEBUG 0111
2019-05-13 08:37:45 guo.utils.JdbcUtil.executeUpdate(JdbcUtil.java:94) JdbcUtil.java DEBUG 更新错误
2019-05-13 08:37:45 guo.utils.JdbcUtil.closeAll(JdbcUtil.java:338) JdbcUtil.java DEBUG 全部关闭成功
2019-05-14 10:57:28 com.alibaba.druid.pool.DruidDataSource.init(DruidDataSource.java:655) DruidDataSource.java INFO {dataSource-1} inited
2019-05-14 10:57:28 com.alibaba.druid.pool.DruidDataSource.close(DruidDataSource.java:1370) DruidDataSource.java INFO {dataSource-1} closed
